The system is: Windows - 10.0.19042 - AMD64
Compiling the C compiler identification source file "CMakeCCompilerId.c" succeeded.
Compiler: C:/Program Files (x86)/Microsoft Visual Studio/2019/Community/VC/Tools/MSVC/14.28.29333/bin/Hostx86/x86/cl.exe 
Build flags: 
Id flags:  

The output was:
0
Microsoft (R) C/C++ Optimizing Compiler Version 19.28.29335 for x86
Copyright (C) Microsoft Corporation.  All rights reserved.

CMakeCCompilerId.c
Microsoft (R) Incremental Linker Version 14.28.29335.0
Copyright (C) Microsoft Corporation.  All rights reserved.

/out:CMakeCCompilerId.exe 
CMakeCCompilerId.obj 


Compilation of the C compiler identification source "CMakeCCompilerId.c" produced "CMakeCCompilerId.exe"

Compilation of the C compiler identification source "CMakeCCompilerId.c" produced "CMakeCCompilerId.obj"

The C compiler identification is MSVC, found in "C:/Project/PROJECT/cmake-build-debug/CMakeFiles/3.20.2/CompilerIdC/CMakeCCompilerId.exe"

Detecting C compiler ABI info compiled with the following output:
Change Dir: C:/Project/PROJECT/cmake-build-debug/CMakeFiles/CMakeTmp

Run Build Command(s):nmake -f Makefile /nologo cmTC_e04ca\fast && 	"C:\Program Files (x86)\Microsoft Visual Studio\2019\Community\VC\Tools\MSVC\14.28.29333\bin\HostX86\x86\nmake.exe"  -f CMakeFiles\cmTC_e04ca.dir\build.make /nologo -L                  CMakeFiles\cmTC_e04ca.dir\build
Building C object CMakeFiles/cmTC_e04ca.dir/CMakeCCompilerABI.c.obj
	"C:\Program Files\JetBrains\CLion 2021.2.2\bin\cmake\win\bin\cmake.exe" -E cmake_cl_compile_depends --dep-file=CMakeFiles\cmTC_e04ca.dir\CMakeCCompilerABI.c.obj.d --working-dir=C:\Project\PROJECT\cmake-build-debug\CMakeFiles\CMakeTmp --filter-prefix="" -- C:\PROGRA~2\MICROS~2\2019\COMMUN~1\VC\Tools\MSVC\1428~1.293\bin\Hostx86\x86\cl.exe @C:\Users\valen\AppData\Local\Temp\nm584F.tmp
Linking C executable cmTC_e04ca.exe
	"C:\Program Files\JetBrains\CLion 2021.2.2\bin\cmake\win\bin\cmake.exe" -E vs_link_exe --intdir=CMakeFiles\cmTC_e04ca.dir --rc=C:\PROGRA~2\WI3CF2~1\10\bin\100183~1.0\x86\rc.exe --mt=C:\PROGRA~2\WI3CF2~1\10\bin\100183~1.0\x86\mt.exe --manifests -- C:\PROGRA~2\MICROS~2\2019\COMMUN~1\VC\Tools\MSVC\1428~1.293\bin\Hostx86\x86\link.exe /nologo @CMakeFiles\cmTC_e04ca.dir\objects1.rsp @C:\Users\valen\AppData\Local\Temp\nm5DDD.tmp



The system is: Windows - 10.0.19042 - AMD64
Compiling the C compiler identification source file "CMakeCCompilerId.c" succeeded.
Compiler: C:/Program Files (x86)/Microsoft Visual Studio/2019/Community/VC/Tools/MSVC/14.28.29333/bin/Hostx86/x86/cl.exe 
Build flags: /DWIN32;/D_WINDOWS
Id flags:  

The output was:
0
Microsoft (R) C/C++ Optimizing Compiler Version 19.28.29335 for x86
Copyright (C) Microsoft Corporation.  All rights reserved.

CMakeCCompilerId.c
Microsoft (R) Incremental Linker Version 14.28.29335.0
Copyright (C) Microsoft Corporation.  All rights reserved.

/out:CMakeCCompilerId.exe 
CMakeCCompilerId.obj 


Compilation of the C compiler identification source "CMakeCCompilerId.c" produced "CMakeCCompilerId.exe"

Compilation of the C compiler identification source "CMakeCCompilerId.c" produced "CMakeCCompilerId.obj"

The C compiler identification is MSVC, found in "C:/Project/PROJECT/cmake-build-debug/CMakeFiles/3.21.1/CompilerIdC/CMakeCCompilerId.exe"

Detecting C compiler ABI info compiled with the following output:
Change Dir: C:/Project/PROJECT/cmake-build-debug/CMakeFiles/CMakeTmp

Run Build Command(s):nmake -f Makefile /nologo cmTC_420a3\fast && 	"C:\Program Files (x86)\Microsoft Visual Studio\2019\Community\VC\Tools\MSVC\14.28.29333\bin\HostX86\x86\nmake.exe"  -f CMakeFiles\cmTC_420a3.dir\build.make /nologo -L                  CMakeFiles\cmTC_420a3.dir\build
Building C object CMakeFiles/cmTC_420a3.dir/CMakeCCompilerABI.c.obj
	"C:\Program Files\JetBrains\CLion 2021.2.2\bin\cmake\win\bin\cmake.exe" -E cmake_cl_compile_depends --dep-file=CMakeFiles\cmTC_420a3.dir\CMakeCCompilerABI.c.obj.d --working-dir=C:\Project\PROJECT\cmake-build-debug\CMakeFiles\CMakeTmp --filter-prefix="" -- C:\PROGRA~2\MICROS~2\2019\COMMUN~1\VC\Tools\MSVC\1428~1.293\bin\Hostx86\x86\cl.exe @C:\Users\valen\AppData\Local\Temp\nm1BA.tmp
Linking C executable cmTC_420a3.exe
	"C:\Program Files\JetBrains\CLion 2021.2.2\bin\cmake\win\bin\cmake.exe" -E vs_link_exe --intdir=CMakeFiles\cmTC_420a3.dir --rc=C:\PROGRA~2\WI3CF2~1\10\bin\100183~1.0\x86\rc.exe --mt=C:\PROGRA~2\WI3CF2~1\10\bin\100183~1.0\x86\mt.exe --manifests -- C:\PROGRA~2\MICROS~2\2019\COMMUN~1\VC\Tools\MSVC\1428~1.293\bin\Hostx86\x86\link.exe /nologo @CMakeFiles\cmTC_420a3.dir\objects1.rsp @C:\Users\valen\AppData\Local\Temp\nm72A.tmp



